2024-06-19T14:30:30  style: formatting
2024-06-29T09:47:37  chore: bump dev tooling
2024-08-02T16:04:44  docs: expand examples
2024-08-13T11:21:51  test: strengthen coverage
2024-09-23T18:38:58  chore: tune defaults
2024-10-04T13:55:05  refactor: simplify helper
2024-11-07T08:12:12  chore: routine maintenance
2024-11-25T15:29:19  docs: clarify usage notes
2024-12-29T10:46:26  test: add edge case
2025-01-09T17:03:33  refactor: tidy internals
2025-02-12T12:20:40  fix: handle empty input gracefully
2025-03-02T19:37:47  perf: micro-optimization
2025-04-05T14:54:54  style: formatting
2025-04-16T09:11:01  chore: bump dev tooling
2025-05-27T16:28:08  docs: expand examples
2025-06-07T11:45:15  test: strengthen coverage
2025-07-11T18:02:22  chore: tune defaults
2025-07-28T13:19:29  refactor: simplify helper
2025-09-01T08:36:36  chore: routine maintenance
2025-09-11T15:53:43  docs: clarify usage notes
2025-10-16T10:10:50  test: add edge case
2025-11-02T17:27:57  refactor: tidy internals
2025-12-07T12:44:04  fix: handle empty input gracefully
2025-12-17T19:01:11  perf: micro-optimization
2026-01-28T14:18:18  style: formatting
2026-02-07T09:35:25  chore: bump dev tooling
2026-03-14T16:52:32  docs: expand examples
2026-03-24T11:09:39  test: strengthen coverage
2026-05-05T18:26:46  chore: tune defaults
